make --dry-run --always-make --keep-going --print-directory
make: Entering directory `/Users/jmurovec/Desktop/projects/microshell_29jun00/myprintf'
gcc -c -Wall -Wextra -Werror -o ft_printf.o ft_printf.c
gcc -c -Wall -Wextra -Werror -o libft/ft_isdigit.o libft/ft_isdigit.c
gcc -c -Wall -Wextra -Werror -o libft/ft_putchar.o libft/ft_putchar.c
gcc -c -Wall -Wextra -Werror -o libft/ft_putnbr.o libft/ft_putnbr.c
gcc -c -Wall -Wextra -Werror -o libft/ft_putnbr_long.o libft/ft_putnbr_long.c
gcc -c -Wall -Wextra -Werror -o libft/ft_putnbr_hex.o libft/ft_putnbr_hex.c
gcc -c -Wall -Wextra -Werror -o libft/ft_strlen.o libft/ft_strlen.c
gcc -c -Wall -Wextra -Werror -o libft/ft_getlen.o libft/ft_getlen.c
gcc -c -Wall -Wextra -Werror -o libft/ft_getlen_hex.o libft/ft_getlen_hex.c
gcc -c -Wall -Wextra -Werror -o libft/ft_putstr.o libft/ft_putstr.c
gcc -c -Wall -Wextra -Werror -o libft/ft_putstr_precision.o libft/ft_putstr_precision.c
gcc -c -Wall -Wextra -Werror -o libft/ft_put_and_substract.o libft/ft_put_and_substract.c
gcc -c -Wall -Wextra -Werror -o sources/check_flags.o sources/check_flags.c
gcc -c -Wall -Wextra -Werror -o sources/find_specifier.o sources/find_specifier.c
gcc -c -Wall -Wextra -Werror -o sources/print_c.o sources/print_c.c
gcc -c -Wall -Wextra -Werror -o sources/print_d.o sources/print_d.c
gcc -c -Wall -Wextra -Werror -o sources/print_d_right.o sources/print_d_right.c
gcc -c -Wall -Wextra -Werror -o sources/print_d_left.o sources/print_d_left.c
gcc -c -Wall -Wextra -Werror -o sources/print_d0.o sources/print_d0.c
gcc -c -Wall -Wextra -Werror -o sources/print_d0_right.o sources/print_d0_right.c
gcc -c -Wall -Wextra -Werror -o sources/print_u.o sources/print_u.c
gcc -c -Wall -Wextra -Werror -o sources/print_u_right.o sources/print_u_right.c
gcc -c -Wall -Wextra -Werror -o sources/print_u_left.o sources/print_u_left.c
gcc -c -Wall -Wextra -Werror -o sources/print_x.o sources/print_x.c
gcc -c -Wall -Wextra -Werror -o sources/print_x_right.o sources/print_x_right.c
gcc -c -Wall -Wextra -Werror -o sources/print_x_left.o sources/print_x_left.c
gcc -c -Wall -Wextra -Werror -o sources/print_p.o sources/print_p.c
gcc -c -Wall -Wextra -Werror -o sources/print_s_null.o sources/print_s_null.c
gcc -c -Wall -Wextra -Werror -o sources/print_s.o sources/print_s.c
ar -rcs libftprintf.a ft_printf.o libft/ft_isdigit.o libft/ft_putchar.o libft/ft_putnbr.o libft/ft_putnbr_long.o libft/ft_putnbr_hex.o libft/ft_strlen.o libft/ft_getlen.o libft/ft_getlen_hex.o libft/ft_putstr.o libft/ft_putstr_precision.o libft/ft_put_and_substract.o sources/check_flags.o sources/find_specifier.o sources/print_c.o sources/print_d.o sources/print_d_right.o sources/print_d_left.o sources/print_d0.o sources/print_d0_right.o sources/print_u.o sources/print_u_right.o sources/print_u_left.o sources/print_x.o sources/print_x_right.o sources/print_x_left.o sources/print_p.o sources/print_s_null.o sources/print_s.o
make: Leaving directory `/Users/jmurovec/Desktop/projects/microshell_29jun00/myprintf'
 
