make all --print-data-base --no-builtin-variables --no-builtin-rules --question
# GNU Make 3.81
# Copyright (C) 2006  Free Software Foundation, Inc.
# This is free software; see the source for copying conditions.
# There is NO warranty; not even for MERCHANTABILITY or FITNESS FOR A
# PARTICULAR PURPOSE.

# This program built for i386-apple-darwin11.3.0

# Make data base, printed on Wed Jun 29 12:08:29 2022

# Variables

# automatic
<D = $(patsubst %/,%,$(dir $<))
# automatic
?F = $(notdir $?)
# environment
VSCODE_LOG_NATIVE = false
# automatic
?D = $(patsubst %/,%,$(dir $?))
# environment
CPPFLAGS = -I/Users/jmurovec/.brew/opt/readline/include
# automatic
@D = $(patsubst %/,%,$(dir $@))
# automatic
@F = $(notdir $@)
# makefile
CURDIR := /Users/jmurovec/Desktop/projects/microshell_29jun00/myprintf
# makefile
SHELL = /bin/sh
# makefile (from `Makefile', line 14)
MAN_FILES = ft_printf.o libft/ft_isdigit.o libft/ft_putchar.o libft/ft_putnbr.o libft/ft_putnbr_long.o libft/ft_putnbr_hex.o libft/ft_strlen.o libft/ft_getlen.o libft/ft_getlen_hex.o libft/ft_putstr.o libft/ft_putstr_precision.o libft/ft_put_and_substract.o sources/check_flags.o sources/find_specifier.o sources/print_c.o sources/print_d.o sources/print_d_right.o sources/print_d_left.o sources/print_d0.o sources/print_d0_right.o sources/print_u.o sources/print_u_right.o sources/print_u_left.o sources/print_x.o sources/print_x_right.o sources/print_x_left.o sources/print_p.o sources/print_s_null.o sources/print_s.o
# environment
VSCODE_NLS_CONFIG = {"locale":"en-us","availableLanguages":{},"_languagePackSupport":true}
# environment
_ = /usr/bin/make
# makefile (from `Makefile', line 45)
CFLAGS = -Wall -Wextra -Werror
# makefile (from `Makefile', line 1)
MAKEFILE_LIST :=  Makefile
# environment
VSCODE_VERBOSE_LOGGING = true
# environment
VSCODE_IPC_HOOK_EXTHOST = /var/folders/zz/zyxvpxvq6csfxvn_n0009kjh002cmc/T/vscode-ipc-6abd8c14-0406-4f08-b1b0-2c2aefb6a6b2.sock
# environment
VSCODE_CWD = /
# environment
Apple_PubSub_Socket_Render = /private/tmp/com.apple.launchd.ltJK6CUawT/Render
# makefile (from `Makefile', line 47)
OBJ_FILES = $(MAN_FILES)
# environment
PATH = /Users/jmurovec/.brew/bin:/usr/local/bin:/usr/bin:/bin:/usr/sbin:/sbin:/usr/local/munki:/opt/X11/bin
# environment
C_INCLUDE_PATH = /Users/jmurovec/.brew/include:
# environment
LIBRARY_PATH = /Users/jmurovec/.brew/lib:
# environment
VSCODE_LOG_STACK = false
# environment
ELECTRON_RUN_AS_NODE = 1
# environment
LDFLAGS = -L/Users/jmurovec/.brew/opt/readline/lib
# default
.FEATURES := target-specific order-only second-expansion else-if archives jobserver check-symlink
# environment
SSH_AUTH_SOCK = /private/tmp/com.apple.launchd.FZw2RkZbdA/Listeners
# automatic
%F = $(notdir $%)
# environment
HOMEBREW_TEMP = /tmp/jmurovec/Homebrew/Temp
# environment
DISPLAY = /private/tmp/com.apple.launchd.Mxg2ynE8ZQ/org.xquartz:0
# environment
VSCODE_PIPE_LOGGING = true
# environment
PWD = /Users/jmurovec/Desktop/projects/microshell_29jun00/myprintf
# environment
ORIGINAL_XDG_CURRENT_DESKTOP = undefined
# environment
VSCODE_AMD_ENTRYPOINT = vs/workbench/api/node/extensionHostProcess
# environment
HOME = /Users/jmurovec
# default
MAKEFILEPATH := /Applications/Xcode.app/Contents/Developer/Makefiles
# environment
VSCODE_CODE_CACHE_PATH = /Users/jmurovec/Library/Application Support/Code/CachedData/30d9c6cd9483b2cc586687151bcbcd635f373630
# environment
LOGNAME = jmurovec
# environment
APPLICATION_INSIGHTS_NO_DIAGNOSTIC_CHANNEL = 1
# environment
VSCODE_HANDLES_UNCAUGHT_ERRORS = true
# automatic
^D = $(patsubst %/,%,$(dir $^))
# environment
XPC_FLAGS = 0x0
# default
MAKE = $(MAKE_COMMAND)
# default
MAKECMDGOALS := all
# environment
HOMEBREW_CACHE = /tmp/jmurovec/Homebrew/Caches
# environment
SHLVL = 1
# default
MAKE_VERSION := 3.81
# environment
USER = jmurovec
# makefile
.DEFAULT_GOAL := all
# makefile (from `Makefile', line 13)
NAME = libftprintf.a
# automatic
%D = $(patsubst %/,%,$(dir $%))
# default
MAKE_COMMAND := /Applications/Xcode.app/Contents/Developer/usr/bin/make
# default
.VARIABLES := 
# environment
TMPDIR = /var/folders/zz/zyxvpxvq6csfxvn_n0009kjh002cmc/T/
# automatic
*F = $(notdir $*)
# environment
VSCODE_IPC_HOOK = /Users/jmurovec/Library/Application Support/Code/1.68.1-main.sock
# makefile
MAKEFLAGS = Rrqp
# environment
MFLAGS = -Rrqp
# automatic
*D = $(patsubst %/,%,$(dir $*))
# makefile (from `Makefile', line 44)
HEADER_FILES = ft_printf.h
# environment
XPC_SERVICE_NAME = com.apple.xpc.launchd.oneshot.0x10000004.Electron
# automatic
+D = $(patsubst %/,%,$(dir $+))
# automatic
+F = $(notdir $+)
# environment
__CF_USER_TEXT_ENCODING = 0x1328C:0x0:0x0
# environment
COMMAND_MODE = unix2003
# default
MAKEFILES := 
# automatic
<F = $(notdir $<)
# environment
LC_ALL = C
# environment
SECURITYSESSIONID = 186a7
# automatic
^F = $(notdir $^)
# default
SUFFIXES := 
# default
.INCLUDE_DIRS = /usr/local/include
# environment
MAKELEVEL := 0
# environment
LANG = C
# environment
VSCODE_PID = 5160
# variable set hash-table stats:
# Load=75/1024=7%, Rehash=0, Collisions=1/104=1%

# Pattern-specific Variable Values

# No pattern-specific variable values.

# Directories

# . (device 16777229, inode 804466): 13 files, no impossibilities.
# sources (device 16777229, inode 804568): 35 files, no impossibilities so far.
# libft (device 16777229, inode 804532): 23 files, no impossibilities so far.

# 71 files, no impossibilities in 3 directories.

# Implicit Rules

%.o: %.c ft_printf.h
#  commands to execute (from `Makefile', line 55):
	gcc -c $(CFLAGS) -o $@ $<
	

# 1 implicit rules, 0 (0.0%) terminal.

# Files

libft/ft_putnbr.o: libft/ft_putnbr.c ft_printf.h
#  Implicit rule search has been done.
#  Implicit/static pattern stem: `libft/ft_putnbr'
#  Last modified 2022-06-29 11:53:45
#  File has been updated.
#  Successfully updated.
# variable set hash-table stats:
# Load=0/32=0%, Rehash=0, Collisions=0/0=0%
#  commands to execute (from `Makefile', line 55):
	gcc -c $(CFLAGS) -o $@ $<
	

sources/print_x_left.o: sources/print_x_left.c ft_printf.h
#  Implicit rule search has been done.
#  Implicit/static pattern stem: `sources/print_x_left'
#  Last modified 2022-06-29 11:53:46
#  File has been updated.
#  Successfully updated.
# variable set hash-table stats:
# Load=0/32=0%, Rehash=0, Collisions=0/0=0%
#  commands to execute (from `Makefile', line 55):
	gcc -c $(CFLAGS) -o $@ $<
	

sources/check_flags.o: sources/check_flags.c ft_printf.h
#  Implicit rule search has been done.
#  Implicit/static pattern stem: `sources/check_flags'
#  Last modified 2022-06-29 11:53:45
#  File has been updated.
#  Successfully updated.
# variable set hash-table stats:
# Load=0/32=0%, Rehash=0, Collisions=0/0=0%
#  commands to execute (from `Makefile', line 55):
	gcc -c $(CFLAGS) -o $@ $<
	

libft/ft_putstr_precision.o: libft/ft_putstr_precision.c ft_printf.h
#  Implicit rule search has been done.
#  Implicit/static pattern stem: `libft/ft_putstr_precision'
#  Last modified 2022-06-29 11:53:45
#  File has been updated.
#  Successfully updated.
# variable set hash-table stats:
# Load=0/32=0%, Rehash=0, Collisions=0/0=0%
#  commands to execute (from `Makefile', line 55):
	gcc -c $(CFLAGS) -o $@ $<
	

libft/ft_getlen_hex.o: libft/ft_getlen_hex.c ft_printf.h
#  Implicit rule search has been done.
#  Implicit/static pattern stem: `libft/ft_getlen_hex'
#  Last modified 2022-06-29 11:53:45
#  File has been updated.
#  Successfully updated.
# variable set hash-table stats:
# Load=0/32=0%, Rehash=0, Collisions=0/0=0%
#  commands to execute (from `Makefile', line 55):
	gcc -c $(CFLAGS) -o $@ $<
	

# Not a target:
libft/ft_putnbr_long.c:
#  Implicit rule search has been done.
#  Last modified 2022-06-29 10:29:19
#  File has been updated.
#  Successfully updated.
# variable set hash-table stats:
# Load=0/32=0%, Rehash=0, Collisions=0/0=0%

sources/print_p.o: sources/print_p.c ft_printf.h
#  Implicit rule search has been done.
#  Implicit/static pattern stem: `sources/print_p'
#  Last modified 2022-06-29 11:53:46
#  File has been updated.
#  Successfully updated.
# variable set hash-table stats:
# Load=0/32=0%, Rehash=0, Collisions=0/0=0%
#  commands to execute (from `Makefile', line 55):
	gcc -c $(CFLAGS) -o $@ $<
	

all: libftprintf.a
 
#  Phony target (prerequisite of .PHONY).
#  Command-line target.
#  Implicit rule search has not been done.
#  File does not exist.
#  File has been updated.
#  Successfully updated.
# variable set hash-table stats:
# Load=0/32=0%, Rehash=0, Collisions=0/0=0%

# Not a target:
sources/print_x.c:
#  Implicit rule search has been done.
#  Last modified 2022-06-29 10:29:19
#  File has been updated.
#  Successfully updated.
# variable set hash-table stats:
# Load=0/32=0%, Rehash=0, Collisions=0/0=0%

# Not a target:
sources/print_d_left.c:
#  Implicit rule search has been done.
#  Last modified 2022-06-29 10:29:19
#  File has been updated.
#  Successfully updated.
# variable set hash-table stats:
# Load=0/32=0%, Rehash=0, Collisions=0/0=0%

.PHONY: all clean fclean re
#  Implicit rule search has not been done.
#  Modification time never checked.
#  File has not been updated.

libft/ft_strlen.o: libft/ft_strlen.c ft_printf.h
#  Implicit rule search has been done.
#  Implicit/static pattern stem: `libft/ft_strlen'
#  Last modified 2022-06-29 11:53:45
#  File has been updated.
#  Successfully updated.
# variable set hash-table stats:
# Load=0/32=0%, Rehash=0, Collisions=0/0=0%
#  commands to execute (from `Makefile', line 55):
	gcc -c $(CFLAGS) -o $@ $<
	

libft/ft_isdigit.o: libft/ft_isdigit.c ft_printf.h
#  Implicit rule search has been done.
#  Implicit/static pattern stem: `libft/ft_isdigit'
#  Last modified 2022-06-29 11:53:45
#  File has been updated.
#  Successfully updated.
# variable set hash-table stats:
# Load=0/32=0%, Rehash=0, Collisions=0/0=0%
#  commands to execute (from `Makefile', line 55):
	gcc -c $(CFLAGS) -o $@ $<
	

# Not a target:
sources/print_x_right.c:
#  Implicit rule search has been done.
#  Last modified 2022-06-29 10:29:19
#  File has been updated.
#  Successfully updated.
# variable set hash-table stats:
# Load=0/32=0%, Rehash=0, Collisions=0/0=0%

# Not a target:
libft/ft_getlen.c:
#  Implicit rule search has been done.
#  Last modified 2022-06-29 10:29:19
#  File has been updated.
#  Successfully updated.
# variable set hash-table stats:
# Load=0/32=0%, Rehash=0, Collisions=0/0=0%

sources/print_s_null.o: sources/print_s_null.c ft_printf.h
#  Implicit rule search has been done.
#  Implicit/static pattern stem: `sources/print_s_null'
#  Last modified 2022-06-29 11:53:46
#  File has been updated.
#  Successfully updated.
# variable set hash-table stats:
# Load=0/32=0%, Rehash=0, Collisions=0/0=0%
#  commands to execute (from `Makefile', line 55):
	gcc -c $(CFLAGS) -o $@ $<
	

# Not a target:
sources/print_u_right.c:
#  Implicit rule search has been done.
#  Last modified 2022-06-29 10:29:19
#  File has been updated.
#  Successfully updated.
# variable set hash-table stats:
# Load=0/32=0%, Rehash=0, Collisions=0/0=0%

ft_printf.o: ft_printf.c ft_printf.h
#  Implicit rule search has been done.
#  Implicit/static pattern stem: `ft_printf'
#  Last modified 2022-06-29 11:53:45
#  File has been updated.
#  Successfully updated.
# variable set hash-table stats:
# Load=0/32=0%, Rehash=0, Collisions=0/0=0%
#  commands to execute (from `Makefile', line 55):
	gcc -c $(CFLAGS) -o $@ $<
	

sources/print_s.o: sources/print_s.c ft_printf.h
#  Implicit rule search has been done.
#  Implicit/static pattern stem: `sources/print_s'
#  Last modified 2022-06-29 11:53:46
#  File has been updated.
#  Successfully updated.
# variable set hash-table stats:
# Load=0/32=0%, Rehash=0, Collisions=0/0=0%
#  commands to execute (from `Makefile', line 55):
	gcc -c $(CFLAGS) -o $@ $<
	

# Not a target:
libft/ft_putchar.c:
#  Implicit rule search has been done.
#  Last modified 2022-06-29 10:29:19
#  File has been updated.
#  Successfully updated.
# variable set hash-table stats:
# Load=0/32=0%, Rehash=0, Collisions=0/0=0%

libft/ft_putnbr_hex.o: libft/ft_putnbr_hex.c ft_printf.h
#  Implicit rule search has been done.
#  Implicit/static pattern stem: `libft/ft_putnbr_hex'
#  Last modified 2022-06-29 11:53:45
#  File has been updated.
#  Successfully updated.
# variable set hash-table stats:
# Load=0/32=0%, Rehash=0, Collisions=0/0=0%
#  commands to execute (from `Makefile', line 55):
	gcc -c $(CFLAGS) -o $@ $<
	

sources/print_u_left.o: sources/print_u_left.c ft_printf.h
#  Implicit rule search has been done.
#  Implicit/static pattern stem: `sources/print_u_left'
#  Last modified 2022-06-29 11:53:46
#  File has been updated.
#  Successfully updated.
# variable set hash-table stats:
# Load=0/32=0%, Rehash=0, Collisions=0/0=0%
#  commands to execute (from `Makefile', line 55):
	gcc -c $(CFLAGS) -o $@ $<
	

# Not a target:
.SUFFIXES:
#  Implicit rule search has not been done.
#  Modification time never checked.
#  File has not been updated.

# Not a target:
Makefile:
#  Implicit rule search has been done.
#  Last modified 2022-06-29 10:29:19
#  File has been updated.
#  Successfully updated.
# variable set hash-table stats:
# Load=0/32=0%, Rehash=0, Collisions=0/0=0%

# Not a target:
sources/print_u.c:
#  Implicit rule search has been done.
#  Last modified 2022-06-29 10:29:19
#  File has been updated.
#  Successfully updated.
# variable set hash-table stats:
# Load=0/32=0%, Rehash=0, Collisions=0/0=0%

libft/ft_putstr.o: libft/ft_putstr.c ft_printf.h
#  Implicit rule search has been done.
#  Implicit/static pattern stem: `libft/ft_putstr'
#  Last modified 2022-06-29 11:53:45
#  File has been updated.
#  Successfully updated.
# variable set hash-table stats:
# Load=0/32=0%, Rehash=0, Collisions=0/0=0%
#  commands to execute (from `Makefile', line 55):
	gcc -c $(CFLAGS) -o $@ $<
	

# Not a target:
libft/ft_putnbr.c:
#  Implicit rule search has been done.
#  Last modified 2022-06-29 10:29:19
#  File has been updated.
#  Successfully updated.
# variable set hash-table stats:
# Load=0/32=0%, Rehash=0, Collisions=0/0=0%

sources/print_d_right.o: sources/print_d_right.c ft_printf.h
#  Implicit rule search has been done.
#  Implicit/static pattern stem: `sources/print_d_right'
#  Last modified 2022-06-29 11:53:46
#  File has been updated.
#  Successfully updated.
# variable set hash-table stats:
# Load=0/32=0%, Rehash=0, Collisions=0/0=0%
#  commands to execute (from `Makefile', line 55):
	gcc -c $(CFLAGS) -o $@ $<
	

# Not a target:
sources/print_x_left.c:
#  Implicit rule search has been done.
#  Last modified 2022-06-29 10:29:19
#  File has been updated.
#  Successfully updated.
# variable set hash-table stats:
# Load=0/32=0%, Rehash=0, Collisions=0/0=0%

# Not a target:
sources/check_flags.c:
#  Implicit rule search has been done.
#  Last modified 2022-06-29 10:29:19
#  File has been updated.
#  Successfully updated.
# variable set hash-table stats:
# Load=0/32=0%, Rehash=0, Collisions=0/0=0%

# Not a target:
libft/ft_putstr_precision.c:
#  Implicit rule search has been done.
#  Last modified 2022-06-29 10:29:19
#  File has been updated.
#  Successfully updated.
# variable set hash-table stats:
# Load=0/32=0%, Rehash=0, Collisions=0/0=0%

# Not a target:
libft/ft_getlen_hex.c:
#  Implicit rule search has been done.
#  Last modified 2022-06-29 10:29:19
#  File has been updated.
#  Successfully updated.
# variable set hash-table stats:
# Load=0/32=0%, Rehash=0, Collisions=0/0=0%

# Not a target:
sources/find_specifier.c:
#  Implicit rule search has been done.
#  Last modified 2022-06-29 10:29:19
#  File has been updated.
#  Successfully updated.
# variable set hash-table stats:
# Load=0/32=0%, Rehash=0, Collisions=0/0=0%

# Not a target:
sources/print_c.c:
#  Implicit rule search has been done.
#  Last modified 2022-06-29 10:29:19
#  File has been updated.
#  Successfully updated.
# variable set hash-table stats:
# Load=0/32=0%, Rehash=0, Collisions=0/0=0%

libft/ft_putchar.o: libft/ft_putchar.c ft_printf.h
#  Implicit rule search has been done.
#  Implicit/static pattern stem: `libft/ft_putchar'
#  Last modified 2022-06-29 11:53:45
#  File has been updated.
#  Successfully updated.
# variable set hash-table stats:
# Load=0/32=0%, Rehash=0, Collisions=0/0=0%
#  commands to execute (from `Makefile', line 55):
	gcc -c $(CFLAGS) -o $@ $<
	

libft/ft_put_and_substract.o: libft/ft_put_and_substract.c ft_printf.h
#  Implicit rule search has been done.
 
#  Implicit/static pattern stem: `libft/ft_put_and_substract'
#  Last modified 2022-06-29 11:53:45
#  File has been updated.
#  Successfully updated.
# variable set hash-table stats:
# Load=0/32=0%, Rehash=0, Collisions=0/0=0%
#  commands to execute (from `Makefile', line 55):
	gcc -c $(CFLAGS) -o $@ $<
	

# Not a target:
sources/print_p.c:
#  Implicit rule search has been done.
#  Last modified 2022-06-29 10:29:19
#  File has been updated.
#  Successfully updated.
# variable set hash-table stats:
# Load=0/32=0%, Rehash=0, Collisions=0/0=0%

sources/print_d0_right.o: sources/print_d0_right.c ft_printf.h
#  Implicit rule search has been done.
#  Implicit/static pattern stem: `sources/print_d0_right'
#  Last modified 2022-06-29 11:53:46
#  File has been updated.
#  Successfully updated.
# variable set hash-table stats:
# Load=0/32=0%, Rehash=0, Collisions=0/0=0%
#  commands to execute (from `Makefile', line 55):
	gcc -c $(CFLAGS) -o $@ $<
	

sources/find_specifier.o: sources/find_specifier.c ft_printf.h
#  Implicit rule search has been done.
#  Implicit/static pattern stem: `sources/find_specifier'
#  Last modified 2022-06-29 11:53:45
#  File has been updated.
#  Successfully updated.
# variable set hash-table stats:
# Load=0/32=0%, Rehash=0, Collisions=0/0=0%
#  commands to execute (from `Makefile', line 55):
	gcc -c $(CFLAGS) -o $@ $<
	

fclean: clean
#  Phony target (prerequisite of .PHONY).
#  Implicit rule search has not been done.
#  File does not exist.
#  File has not been updated.
#  commands to execute (from `Makefile', line 61):
	rm -f $(NAME)
	

sources/print_c.o: sources/print_c.c ft_printf.h
#  Implicit rule search has been done.
#  Implicit/static pattern stem: `sources/print_c'
#  Last modified 2022-06-29 11:53:45
#  File has been updated.
#  Successfully updated.
# variable set hash-table stats:
# Load=0/32=0%, Rehash=0, Collisions=0/0=0%
#  commands to execute (from `Makefile', line 55):
	gcc -c $(CFLAGS) -o $@ $<
	

# Not a target:
libft/ft_strlen.c:
#  Implicit rule search has been done.
#  Last modified 2022-06-29 10:29:19
#  File has been updated.
#  Successfully updated.
# variable set hash-table stats:
# Load=0/32=0%, Rehash=0, Collisions=0/0=0%

sources/print_d.o: sources/print_d.c ft_printf.h
#  Implicit rule search has been done.
#  Implicit/static pattern stem: `sources/print_d'
#  Last modified 2022-06-29 11:53:45
#  File has been updated.
#  Successfully updated.
# variable set hash-table stats:
# Load=0/32=0%, Rehash=0, Collisions=0/0=0%
#  commands to execute (from `Makefile', line 55):
	gcc -c $(CFLAGS) -o $@ $<
	

# Not a target:
libft/ft_isdigit.c:
#  Implicit rule search has been done.
#  Last modified 2022-06-29 10:29:19
#  File has been updated.
#  Successfully updated.
# variable set hash-table stats:
# Load=0/32=0%, Rehash=0, Collisions=0/0=0%

# Not a target:
sources/print_s_null.c:
#  Implicit rule search has been done.
#  Last modified 2022-06-29 10:29:19
#  File has been updated.
#  Successfully updated.
# variable set hash-table stats:
# Load=0/32=0%, Rehash=0, Collisions=0/0=0%

# Not a target:
ft_printf.c:
#  Implicit rule search has been done.
#  Last modified 2022-06-29 11:53:44
#  File has been updated.
#  Successfully updated.
# variable set hash-table stats:
# Load=0/32=0%, Rehash=0, Collisions=0/0=0%

sources/print_d0.o: sources/print_d0.c ft_printf.h
#  Implicit rule search has been done.
#  Implicit/static pattern stem: `sources/print_d0'
#  Last modified 2022-06-29 11:53:46
#  File has been updated.
#  Successfully updated.
# variable set hash-table stats:
# Load=0/32=0%, Rehash=0, Collisions=0/0=0%
#  commands to execute (from `Makefile', line 55):
	gcc -c $(CFLAGS) -o $@ $<
	

# Not a target:
.DEFAULT:
#  Implicit rule search has not been done.
#  Modification time never checked.
#  File has not been updated.

# Not a target:
libft/ft_putnbr_hex.c:
#  Implicit rule search has been done.
#  Last modified 2022-06-29 10:29:19
#  File has been updated.
#  Successfully updated.
# variable set hash-table stats:
# Load=0/32=0%, Rehash=0, Collisions=0/0=0%

# Not a target:
sources/print_u_left.c:
#  Implicit rule search has been done.
#  Last modified 2022-06-29 10:29:19
#  File has been updated.
#  Successfully updated.
# variable set hash-table stats:
# Load=0/32=0%, Rehash=0, Collisions=0/0=0%

sources/print_x_right.o: sources/print_x_right.c ft_printf.h
#  Implicit rule search has been done.
#  Implicit/static pattern stem: `sources/print_x_right'
#  Last modified 2022-06-29 11:53:46
#  File has been updated.
#  Successfully updated.
# variable set hash-table stats:
# Load=0/32=0%, Rehash=0, Collisions=0/0=0%
#  commands to execute (from `Makefile', line 55):
	gcc -c $(CFLAGS) -o $@ $<
	

re:
#  Phony target (prerequisite of .PHONY).
#  Implicit rule search has not been done.
#  File does not exist.
#  File has not been updated.
#  commands to execute (from `Makefile', line 64):
	$(MAKE) fclean
	$(MAKE) all
	

clean:
#  Phony target (prerequisite of .PHONY).
#  Implicit rule search has not been done.
#  File does not exist.
#  File has not been updated.
#  commands to execute (from `Makefile', line 58):
	rm -f $(MAN_FILES)
	

# Not a target:
libft/ft_putstr.c:
#  Implicit rule search has been done.
#  Last modified 2022-06-29 10:29:19
#  File has been updated.
#  Successfully updated.
# variable set hash-table stats:
# Load=0/32=0%, Rehash=0, Collisions=0/0=0%

# Not a target:
ft_printf.h:
#  Implicit rule search has been done.
#  Last modified 2022-06-29 11:44:51
#  File has been updated.
#  Successfully updated.
# variable set hash-table stats:
# Load=0/32=0%, Rehash=0, Collisions=0/0=0%

# Not a target:
sources/print_d_right.c:
#  Implicit rule search has been done.
#  Last modified 2022-06-29 10:29:19
#  File has been updated.
#  Successfully updated.
# variable set hash-table stats:
# Load=0/32=0%, Rehash=0, Collisions=0/0=0%

# Not a target:
sources/print_s.c:
#  Implicit rule search has been done.
#  Last modified 2022-06-29 10:29:19
#  File has been updated.
#  Successfully updated.
# variable set hash-table stats:
# Load=0/32=0%, Rehash=0, Collisions=0/0=0%

libft/ft_putnbr_long.o: libft/ft_putnbr_long.c ft_printf.h
#  Implicit rule search has been done.
#  Implicit/static pattern stem: `libft/ft_putnbr_long'
#  Last modified 2022-06-29 11:53:45
#  File has been updated.
#  Successfully updated.
# variable set hash-table stats:
# Load=0/32=0%, Rehash=0, Collisions=0/0=0%
#  commands to execute (from `Makefile', line 55):
	gcc -c $(CFLAGS) -o $@ $<
	

sources/print_x.o: sources/print_x.c ft_printf.h
#  Implicit rule search has been done.
#  Implicit/static pattern stem: `sources/print_x'
#  Last modified 2022-06-29 11:53:46
#  File has been updated.
#  Successfully updated.
# variable set hash-table stats:
# Load=0/32=0%, Rehash=0, Collisions=0/0=0%
#  commands to execute (from `Makefile', line 55):
	gcc -c $(CFLAGS) -o $@ $<
	

sources/print_d_left.o: sources/print_d_left.c ft_printf.h
#  Implicit rule search has been done.
#  Implicit/static pattern stem: `sources/print_d_left'
#  Last modified 2022-06-29 11:53:46
#  File has been updated.
#  Successfully updated.
# variable set hash-table stats:
# Load=0/32=0%, Rehash=0, Collisions=0/0=0%
#  commands to execute (from `Makefile', line 55):
	gcc -c $(CFLAGS) -o $@ $<
	

# Not a target:
libft/ft_put_and_substract.c:
#  Implicit rule search has been done.
#  Last modified 2022-06-29 10:29:19
#  File has been updated.
#  Successfully updated.
# variable set hash-table stats:
# Load=0/32=0%, Rehash=0, Collisions=0/0=0%

# Not a target:
sources/print_d0_right.c:
#  Implicit rule search has been done.
#  Last modified 2022-06-29 10:29:19
#  File has been updated.
#  Successfully updated.
# variable set hash-table stats:
# Load=0/32=0%, Rehash=0, Collisions=0/0=0%

libft/ft_getlen.o: libft/ft_getlen.c ft_printf.h
#  Implicit rule search has been done.
#  Implicit/static pattern stem: `libft/ft_getlen'
#  Last modified 2022-06-29 11:53:45
#  File has been updated.
#  Successfully updated.
# variable set hash-table stats:
# Load=0/32=0%, Rehash=0, Collisions=0/0=0%
#  commands to execute (from `Makefile', line 55):
 
	gcc -c $(CFLAGS) -o $@ $<
	

libftprintf.a: ft_printf.o libft/ft_isdigit.o libft/ft_putchar.o libft/ft_putnbr.o libft/ft_putnbr_long.o libft/ft_putnbr_hex.o libft/ft_strlen.o libft/ft_getlen.o libft/ft_getlen_hex.o libft/ft_putstr.o libft/ft_putstr_precision.o libft/ft_put_and_substract.o sources/check_flags.o sources/find_specifier.o sources/print_c.o sources/print_d.o sources/print_d_right.o sources/print_d_left.o sources/print_d0.o sources/print_d0_right.o sources/print_u.o sources/print_u_right.o sources/print_u_left.o sources/print_x.o sources/print_x_right.o sources/print_x_left.o sources/print_p.o sources/print_s_null.o sources/print_s.o
#  Implicit rule search has not been done.
#  Last modified 2022-06-29 11:53:46
#  File has been updated.
#  Successfully updated.
# variable set hash-table stats:
# Load=0/32=0%, Rehash=0, Collisions=0/0=0%
#  commands to execute (from `Makefile', line 52):
	ar -rcs $(NAME) $(OBJ_FILES)
	

# Not a target:
sources/print_d.c:
#  Implicit rule search has been done.
#  Last modified 2022-06-29 10:29:19
#  File has been updated.
#  Successfully updated.
# variable set hash-table stats:
# Load=0/32=0%, Rehash=0, Collisions=0/0=0%

sources/print_u_right.o: sources/print_u_right.c ft_printf.h
#  Implicit rule search has been done.
#  Implicit/static pattern stem: `sources/print_u_right'
#  Last modified 2022-06-29 11:53:46
#  File has been updated.
#  Successfully updated.
# variable set hash-table stats:
# Load=0/32=0%, Rehash=0, Collisions=0/0=0%
#  commands to execute (from `Makefile', line 55):
	gcc -c $(CFLAGS) -o $@ $<
	

# Not a target:
sources/print_d0.c:
#  Implicit rule search has been done.
#  Last modified 2022-06-29 10:29:19
#  File has been updated.
#  Successfully updated.
# variable set hash-table stats:
# Load=0/32=0%, Rehash=0, Collisions=0/0=0%

sources/print_u.o: sources/print_u.c ft_printf.h
#  Implicit rule search has been done.
#  Implicit/static pattern stem: `sources/print_u'
#  Last modified 2022-06-29 11:53:46
#  File has been updated.
#  Successfully updated.
# variable set hash-table stats:
# Load=0/32=0%, Rehash=0, Collisions=0/0=0%
#  commands to execute (from `Makefile', line 55):
	gcc -c $(CFLAGS) -o $@ $<
	

# files hash-table stats:
# Load=68/1024=7%, Rehash=0, Collisions=26/261=10%
# VPATH Search Paths

# No `vpath' search paths.

# No general (`VPATH' variable) search path.

# # of strings in strcache: 1
# # of strcache buffers: 1
# strcache size: total = 4096 / max = 4096 / min = 4096 / avg = 4096
# strcache free: total = 4087 / max = 4087 / min = 4087 / avg = 4087

# Finished Make data base on Wed Jun 29 12:08:29 2022

 
